C:\USERS\TEST\DOCUMENTS\VISUAL STUDIO 2012\PROJECTS\SCREENRECORDINGINMP4CONTAINER\SCREENRECORDINGINMP4CONTAINER\DEBUG\SCREENRECORDINGINMP4CONTAINER.PCH
C:\USERS\TEST\DOCUMENTS\VISUAL STUDIO 2012\PROJECTS\SCREENRECORDINGINMP4CONTAINER\SCREENRECORDINGINMP4CONTAINER\DEBUG\STDAFX.OBJ
C:\USERS\TEST\DOCUMENTS\VISUAL STUDIO 2012\PROJECTS\SCREENRECORDINGINMP4CONTAINER\SCREENRECORDINGINMP4CONTAINER\DEBUG\VC110.PDB
C:\USERS\TEST\DOCUMENTS\VISUAL STUDIO 2012\PROJECTS\SCREENRECORDINGINMP4CONTAINER\SCREENRECORDINGINMP4CONTAINER\DEBUG\DUPLICATIONMANAGER.OBJ
C:\USERS\TEST\DOCUMENTS\VISUAL STUDIO 2012\PROJECTS\SCREENRECORDINGINMP4CONTAINER\SCREENRECORDINGINMP4CONTAINER\DEBUG\SCREENRECORDINGINMP4CONTAINER.OBJ
C:\Users\Test\Documents\Visual Studio 2012\Projects\ScreenRecordingInMP4Container\ScreenRecordingInMP4Container\Debug\DuplicationManager.obj
C:\Users\Test\Documents\Visual Studio 2012\Projects\ScreenRecordingInMP4Container\ScreenRecordingInMP4Container\Debug\ScreenRecordingInMP4Container.obj
C:\Users\Test\Documents\Visual Studio 2012\Projects\ScreenRecordingInMP4Container\ScreenRecordingInMP4Container\Debug\stdafx.obj
C:\Users\Test\Documents\Visual Studio 2012\Projects\ScreenRecordingInMP4Container\ScreenRecordingInMP4Container\Debug\cl.command.1.tlog
C:\Users\Test\Documents\Visual Studio 2012\Projects\ScreenRecordingInMP4Container\ScreenRecordingInMP4Container\Debug\CL.read.1.tlog
C:\Users\Test\Documents\Visual Studio 2012\Projects\ScreenRecordingInMP4Container\ScreenRecordingInMP4Container\Debug\CL.write.1.tlog
C:\Users\Test\Documents\Visual Studio 2012\Projects\ScreenRecordingInMP4Container\ScreenRecordingInMP4Container\Debug\link-cvtres.read.1.tlog
C:\Users\Test\Documents\Visual Studio 2012\Projects\ScreenRecordingInMP4Container\ScreenRecordingInMP4Container\Debug\link-cvtres.write.1.tlog
C:\Users\Test\Documents\Visual Studio 2012\Projects\ScreenRecordingInMP4Container\ScreenRecordingInMP4Container\Debug\link-rc.read.1.tlog
C:\Users\Test\Documents\Visual Studio 2012\Projects\ScreenRecordingInMP4Container\ScreenRecordingInMP4Container\Debug\link-rc.write.1.tlog
C:\Users\Test\Documents\Visual Studio 2012\Projects\ScreenRecordingInMP4Container\ScreenRecordingInMP4Container\Debug\link.command.1.tlog
C:\Users\Test\Documents\Visual Studio 2012\Projects\ScreenRecordingInMP4Container\ScreenRecordingInMP4Container\Debug\link.read.1.tlog
C:\Users\Test\Documents\Visual Studio 2012\Projects\ScreenRecordingInMP4Container\ScreenRecordingInMP4Container\Debug\link.write.1.tlog
C:\Users\Test\Documents\Visual Studio 2012\Projects\ScreenRecordingInMP4Container\ScreenRecordingInMP4Container\Debug\ScreenRecordingInMP4Container.pch
C:\Users\Test\Documents\Visual Studio 2012\Projects\ScreenRecordingInMP4Container\ScreenRecordingInMP4Container\Debug\vc110.idb
C:\Users\Test\Documents\Visual Studio 2012\Projects\ScreenRecordingInMP4Container\ScreenRecordingInMP4Container\Debug\vc141.idb
C:\Users\Test\Documents\Visual Studio 2012\Projects\ScreenRecordingInMP4Container\ScreenRecordingInMP4Container\Debug\vc110.pdb
C:\Users\Test\Documents\Visual Studio 2012\Projects\ScreenRecordingInMP4Container\ScreenRecordingInMP4Container\Debug\vc141.pdb
