Build started 10/24/2020 8:09:44 PM.
     1>Project "C:\Users\Test\Documents\Visual Studio 2012\Projects\ScreenRecordingInMP4Container\ScreenRecordingInMP4Container\ScreenRecordingInMP4Container.vcxproj" on node 2 (Build target(s)).
       Project file contains ToolsVersion="15.0". This toolset may be unknown or missing, in which case you may be able to resolve this by installing the appropriate version of MSBuild, or the build may have been forced to a particular ToolsVersion for policy reasons. Treating the project as if it had ToolsVersion="4.0". For more information, please see http://go.microsoft.com/fwlink/?LinkId=291333.
     1>ClCompile:
         C:\Program Files (x86)\Microsoft Visual Studio 11.0\VC\bin\x86_amd64\CL.exe /c /I"C:\Users\Test\Documents\Visual Studio 2012\Projects\ScreenRecordingInMP4Container\ScreenRecordingInMP4Container\FFmpeg32include" /I"C:\Program Files (x86)\Visual Leak Detector\include" /Zi /nologo /W3 /WX- /sdl /Od /D _DEBUG /D _CONSOLE /D _UNICODE /D UNICODE /Gm /EHsc /RTC1 /MDd /GS /fp:precise /Zc:wchar_t /Zc:forScope /Yc"stdafx.h" /Fp"x64\Debug\ScreenRecordingInMP4Container.pch" /Fo"x64\Debug\\" /Fd"x64\Debug\vc110.pdb" /Gd /TP /errorReport:prompt stdafx.cpp
         stdafx.cpp
         C:\Program Files (x86)\Microsoft Visual Studio 11.0\VC\bin\x86_amd64\CL.exe /c /I"C:\Users\Test\Documents\Visual Studio 2012\Projects\ScreenRecordingInMP4Container\ScreenRecordingInMP4Container\FFmpeg32include" /I"C:\Program Files (x86)\Visual Leak Detector\include" /Zi /nologo /W3 /WX- /sdl /Od /D _DEBUG /D _CONSOLE /D _UNICODE /D UNICODE /Gm /EHsc /RTC1 /MDd /GS /fp:precise /Zc:wchar_t /Zc:forScope /Fo"x64\Debug\\" /Fd"x64\Debug\vc110.pdb" /Gd /TP /errorReport:prompt DuplicationManager.cpp ScreenRecordingInMP4Container.cpp
         ScreenRecordingInMP4Container.cpp
     1>C:\Users\Test\Documents\Visual Studio 2012\Projects\ScreenRecordingInMP4Container\ScreenRecordingInMP4Container\FFmpeg32include\libavutil/libm.h(432): warning C4244: 'return' : conversion from 'double' to 'long', possible loss of data
     1>c:\users\test\documents\visual studio 2012\projects\screenrecordinginmp4container\screenrecordinginmp4container\ffmpeg32include\libavutil\x86/emms.h(47): warning C4390: ';' : empty controlled statement found; is this the intent?
     1>ScreenRecordingInMP4Container.cpp(69): warning C4101: 'i' : unreferenced local variable
     1>ScreenRecordingInMP4Container.cpp(349): warning C4101: 'i' : unreferenced local variable
     1>ScreenRecordingInMP4Container.cpp(342): warning C4101: 'codec_name_video' : unreferenced local variable
         DuplicationManager.cpp
         Generating Code...
       Link:
         C:\Program Files (x86)\Microsoft Visual Studio 11.0\VC\bin\x86_amd64\link.exe /ERRORREPORT:PROMPT /OUT:"C:\Users\Test\Documents\Visual Studio 2012\Projects\ScreenRecordingInMP4Container\x64\Debug\ScreenRecordingInMP4Container.exe" /INCREMENTAL /NOLOGO /LIBPATH:"C:\Users\Test\Documents\Visual Studio 2012\Projects\ScreenRecordingInMP4Container\ScreenRecordingInMP4Container\FFmpeg32bin" /LIBPATH:"C:\Program Files (x86)\Visual Leak Detector\lib\Win64" avformat.lib avutil.lib avcodec.lib swscale.lib dxgi.lib d3d11.lib d3d9.lib kernel32.lib user32.lib gdi32.lib winspool.lib comdlg32.lib advapi32.lib shell32.lib ole32.lib oleaut32.lib uuid.lib odbc32.lib odbccp32.lib /MANIFEST /MANIFESTUAC:"level='asInvoker' uiAccess='false'" /manifest:embed /DEBUG /PDB:"C:\Users\Test\Documents\Visual Studio 2012\Projects\ScreenRecordingInMP4Container\x64\Debug\ScreenRecordingInMP4Container.pdb" /SUBSYSTEM:CONSOLE /TLBID:1 /DYNAMICBASE /NXCOMPAT /IMPLIB:"C:\Users\Test\Documents\Visual Studio 2012\Projects\ScreenRecordingInMP4Container\x64\Debug\ScreenRecordingInMP4Container.lib" /MACHINE:X64 /SAFESEH:NO x64\Debug\DuplicationManager.obj
         x64\Debug\ScreenRecordingInMP4Container.obj
         x64\Debug\stdafx.obj
     1>ScreenRecordingInMP4Container.obj : error LNK2019: unresolved external symbol av_dict_copy referenced in function "void __cdecl open_video(struct AVFormatContext *,struct AVCodec *,struct OutputStream *,struct AVDictionary *)" (?open_video@@YAXPEAUAVFormatContext@@PEAUAVCodec@@PEAUOutputStream@@PEAUAVDictionary@@@Z)
     1>ScreenRecordingInMP4Container.obj : error LNK2019: unresolved external symbol av_dict_free referenced in function "void __cdecl open_video(struct AVFormatContext *,struct AVCodec *,struct OutputStream *,struct AVDictionary *)" (?open_video@@YAXPEAUAVFormatContext@@PEAUAVCodec@@PEAUOutputStream@@PEAUAVDictionary@@@Z)
     1>ScreenRecordingInMP4Container.obj : error LNK2019: unresolved external symbol av_frame_alloc referenced in function "struct AVFrame * __cdecl alloc_picture(enum AVPixelFormat,int,int)" (?alloc_picture@@YAPEAUAVFrame@@W4AVPixelFormat@@HH@Z)
     1>ScreenRecordingInMP4Container.obj : error LNK2019: unresolved external symbol av_frame_free referenced in function "void __cdecl close_stream(struct AVFormatContext *,struct OutputStream *)" (?close_stream@@YAXPEAUAVFormatContext@@PEAUOutputStream@@@Z)
     1>ScreenRecordingInMP4Container.obj : error LNK2019: unresolved external symbol av_frame_get_buffer referenced in function "struct AVFrame * __cdecl alloc_picture(enum AVPixelFormat,int,int)" (?alloc_picture@@YAPEAUAVFrame@@W4AVPixelFormat@@HH@Z)
     1>ScreenRecordingInMP4Container.obj : error LNK2019: unresolved external symbol av_frame_make_writable referenced in function "struct AVFrame * __cdecl get_video_frame(struct OutputStream *)" (?get_video_frame@@YAPEAUAVFrame@@PEAUOutputStream@@@Z)
     1>ScreenRecordingInMP4Container.obj : error LNK2019: unresolved external symbol avcodec_alloc_context3 referenced in function "void __cdecl add_stream(struct OutputStream *,struct AVFormatContext *,struct AVCodec * *,enum AVCodecID)" (?add_stream@@YAXPEAUOutputStream@@PEAUAVFormatContext@@PEAPEAUAVCodec@@W4AVCodecID@@@Z)
     1>ScreenRecordingInMP4Container.obj : error LNK2019: unresolved external symbol avcodec_free_context referenced in function "void __cdecl close_stream(struct AVFormatContext *,struct OutputStream *)" (?close_stream@@YAXPEAUAVFormatContext@@PEAUOutputStream@@@Z)
     1>ScreenRecordingInMP4Container.obj : error LNK2019: unresolved external symbol avcodec_parameters_from_context referenced in function "void __cdecl open_video(struct AVFormatContext *,struct AVCodec *,struct OutputStream *,struct AVDictionary *)" (?open_video@@YAXPEAUAVFormatContext@@PEAUAVCodec@@PEAUOutputStream@@PEAUAVDictionary@@@Z)
     1>ScreenRecordingInMP4Container.obj : error LNK2019: unresolved external symbol avcodec_open2 referenced in function "void __cdecl open_video(struct AVFormatContext *,struct AVCodec *,struct OutputStream *,struct AVDictionary *)" (?open_video@@YAXPEAUAVFormatContext@@PEAUAVCodec@@PEAUOutputStream@@PEAUAVDictionary@@@Z)
     1>ScreenRecordingInMP4Container.obj : error LNK2019: unresolved external symbol av_packet_alloc referenced in function "int __cdecl write_video_frame(struct AVFormatContext *,struct OutputStream *)" (?write_video_frame@@YAHPEAUAVFormatContext@@PEAUOutputStream@@@Z)
     1>ScreenRecordingInMP4Container.obj : error LNK2019: unresolved external symbol av_init_packet referenced in function "int __cdecl write_video_frame(struct AVFormatContext *,struct OutputStream *)" (?write_video_frame@@YAHPEAUAVFormatContext@@PEAUOutputStream@@@Z)
     1>ScreenRecordingInMP4Container.obj : error LNK2019: unresolved external symbol av_packet_rescale_ts referenced in function "int __cdecl write_frame(struct AVFormatContext *,struct AVRational const *,struct AVStream *,struct AVPacket *)" (?write_frame@@YAHPEAUAVFormatContext@@PEBUAVRational@@PEAUAVStream@@PEAUAVPacket@@@Z)
     1>ScreenRecordingInMP4Container.obj : error LNK2019: unresolved external symbol avcodec_send_frame referenced in function "int __cdecl write_video_frame(struct AVFormatContext *,struct OutputStream *)" (?write_video_frame@@YAHPEAUAVFormatContext@@PEAUOutputStream@@@Z)
     1>ScreenRecordingInMP4Container.obj : error LNK2019: unresolved external symbol avcodec_receive_packet referenced in function "int __cdecl write_video_frame(struct AVFormatContext *,struct OutputStream *)" (?write_video_frame@@YAHPEAUAVFormatContext@@PEAUOutputStream@@@Z)
     1>ScreenRecordingInMP4Container.obj : error LNK2019: unresolved external symbol avcodec_find_encoder referenced in function "void __cdecl add_stream(struct OutputStream *,struct AVFormatContext *,struct AVCodec * *,enum AVCodecID)" (?add_stream@@YAXPEAUOutputStream@@PEAUAVFormatContext@@PEAPEAUAVCodec@@W4AVCodecID@@@Z)
     1>ScreenRecordingInMP4Container.obj : error LNK2019: unresolved external symbol avcodec_get_name referenced in function "void __cdecl add_stream(struct OutputStream *,struct AVFormatContext *,struct AVCodec * *,enum AVCodecID)" (?add_stream@@YAXPEAUOutputStream@@PEAUAVFormatContext@@PEAPEAUAVCodec@@W4AVCodecID@@@Z)
     1>ScreenRecordingInMP4Container.obj : error LNK2019: unresolved external symbol avio_open referenced in function main
     1>ScreenRecordingInMP4Container.obj : error LNK2019: unresolved external symbol avio_closep referenced in function main
     1>ScreenRecordingInMP4Container.obj : error LNK2019: unresolved external symbol av_register_all referenced in function main
     1>ScreenRecordingInMP4Container.obj : error LNK2019: unresolved external symbol avformat_network_init referenced in function main
     1>ScreenRecordingInMP4Container.obj : error LNK2019: unresolved external symbol avformat_free_context referenced in function main
     1>ScreenRecordingInMP4Container.obj : error LNK2019: unresolved external symbol avformat_new_stream referenced in function "void __cdecl add_stream(struct OutputStream *,struct AVFormatContext *,struct AVCodec * *,enum AVCodecID)" (?add_stream@@YAXPEAUOutputStream@@PEAUAVFormatContext@@PEAPEAUAVCodec@@W4AVCodecID@@@Z)
     1>ScreenRecordingInMP4Container.obj : error LNK2019: unresolved external symbol avformat_alloc_output_context2 referenced in function main
     1>ScreenRecordingInMP4Container.obj : error LNK2019: unresolved external symbol avformat_write_header referenced in function main
     1>ScreenRecordingInMP4Container.obj : error LNK2019: unresolved external symbol av_interleaved_write_frame referenced in function "int __cdecl write_frame(struct AVFormatContext *,struct AVRational const *,struct AVStream *,struct AVPacket *)" (?write_frame@@YAHPEAUAVFormatContext@@PEBUAVRational@@PEAUAVStream@@PEAUAVPacket@@@Z)
     1>ScreenRecordingInMP4Container.obj : error LNK2019: unresolved external symbol av_write_trailer referenced in function main
     1>ScreenRecordingInMP4Container.obj : error LNK2019: unresolved external symbol av_dump_format referenced in function main
     1>ScreenRecordingInMP4Container.obj : error LNK2019: unresolved external symbol sws_freeContext referenced in function "void __cdecl close_stream(struct AVFormatContext *,struct OutputStream *)" (?close_stream@@YAXPEAUAVFormatContext@@PEAUOutputStream@@@Z)
     1>ScreenRecordingInMP4Container.obj : error LNK2019: unresolved external symbol sws_getContext referenced in function "struct AVFrame * __cdecl get_video_frame(struct OutputStream *)" (?get_video_frame@@YAPEAUAVFrame@@PEAUOutputStream@@@Z)
     1>ScreenRecordingInMP4Container.obj : error LNK2019: unresolved external symbol sws_scale referenced in function "struct AVFrame * __cdecl get_video_frame(struct OutputStream *)" (?get_video_frame@@YAPEAUAVFrame@@PEAUOutputStream@@@Z)
     1>ScreenRecordingInMP4Container.obj : error LNK2019: unresolved external symbol av_image_get_linesize referenced in function "struct AVFrame * __cdecl get_video_frame(struct OutputStream *)" (?get_video_frame@@YAPEAUAVFrame@@PEAUOutputStream@@@Z)
     1>ScreenRecordingInMP4Container.obj : error LNK2019: unresolved external symbol av_opt_set referenced in function "void __cdecl add_stream(struct OutputStream *,struct AVFormatContext *,struct AVCodec * *,enum AVCodecID)" (?add_stream@@YAXPEAUOutputStream@@PEAUAVFormatContext@@PEAPEAUAVCodec@@W4AVCodecID@@@Z)
     1>C:\Users\Test\Documents\Visual Studio 2012\Projects\ScreenRecordingInMP4Container\x64\Debug\ScreenRecordingInMP4Container.exe : fatal error LNK1120: 33 unresolved externals
     1>Done Building Project "C:\Users\Test\Documents\Visual Studio 2012\Projects\ScreenRecordingInMP4Container\ScreenRecordingInMP4Container\ScreenRecordingInMP4Container.vcxproj" (Build target(s)) -- FAILED.

Build FAILED.

Time Elapsed 00:00:04.46
